[zaidimams.wixsite.com/home.html]
[backblue.gif]
[fade.gif]
[index.html]
[static.parastorage.com/services/third-party/requirejs/2.1.15/require.min.js]
[static.parastorage.com/services/santa/1.2555.20/app/main-r.min.js]
[unpkg.parastorage.com/lodash@4.17.4/lodash.min.js]
[unpkg.parastorage.com/zepto@1.2.0/dist/zepto.min.js]
[unpkg.parastorage.com/react@15.5.4/dist/react-with-addons.min.js]
[zaidimams.wixsite.com/sitemap.xml]
[zaidimams.wixsite.com/index.html]
[zaidimams.wixsite.com/feed.xml]
[zaidimams.wixsite.com/home.html]
[static.parastorage.com/services/third-party/requirejs/2.1.15/require.min.js]
[zaidimams.wixsite.com/GET]
[static.parastorage.com/services/santa/1.2555.20/app/main-r.min.js]
[zaidimams.wixsite.com/index.html]
[zaidimams.wixsite.com/sitemap.html]
[zaidimams.wixsite.com/feed.html]
[zaidimams.wixsite.com/GET.html]
